/*C13*/SET SCHEMA PUBLIC
drop table if exists phone CASCADE 
drop table if exists user CASCADE 
drop table if exists user_phones CASCADE 
create table phone (id binary(255) not null, ddd varchar(255), number varchar(255), primary key (id))
create table user (id binary(255) not null, created timestamp, email varchar(255), last_login timestamp, modified timestamp, name varchar(255), password varchar(255), token varchar(255), primary key (id))
create table user_phones (user_id binary(255) not null, phones_id binary(255) not null, primary key (user_id, phones_id))
alter table user add constraint UK_ob8kqyqqgmefl0aco34akdtpe unique (email)
alter table user_phones add constraint UK_lpx6wawt7f9hqolfy260iava4 unique (phones_id)
alter table user_phones add constraint FK8a99k1bvo4hgvib6t1ui8riob foreign key (phones_id) references phone
alter table user_phones add constraint FKdfslj94kbjqvp71kjjc36iije foreign key (user_id) references user
drop table if exists phone CASCADE 
drop table if exists user CASCADE 
drop table if exists user_phones CASCADE 
DISCONNECT
/*C14*/SET SCHEMA PUBLIC
DISCONNECT
/*C15*/SET SCHEMA PUBLIC
DISCONNECT
/*C16*/SET SCHEMA PUBLIC
DISCONNECT
/*C17*/SET SCHEMA PUBLIC
DISCONNECT
/*C18*/SET SCHEMA PUBLIC
DISCONNECT
/*C19*/SET SCHEMA PUBLIC
DISCONNECT
/*C20*/SET SCHEMA PUBLIC
DISCONNECT
/*C21*/SET SCHEMA PUBLIC
DISCONNECT
/*C22*/SET SCHEMA PUBLIC
DISCONNECT
